<?xml version="1.0" encoding="UTF-8"?>
<testsuite xmlns:xsi="http://www.w3.org/2001/XMLSchema-instance" xsi:noNamespaceSchemaLocation="https://maven.apache.org/surefire/maven-surefire-plugin/xsd/surefire-test-report.xsd" name="TestSuite" time="0.722" tests="4" errors="0" skipped="2" failures="1">
  <properties>
[...]
</properties>
  <testcase name="initialize" classname="tests.LoginTest" time="0.483">
    <failure message="The driver executable must exist: D:\WorkSpace\testproject\src\test\java\drivers\chromedriver.exe" type="java.lang.IllegalStateException">java.lang.IllegalStateException: The driver executable must exist: D:\WorkSpace\testproject\src\test\java\drivers\chromedriver.exe
</failure>
    <system-err><![CDATA[SLF4J: Failed to load class "org.slf4j.impl.StaticLoggerBinder".
SLF4J: Defaulting to no-operation (NOP) logger implementation
SLF4J: See http://www.slf4j.org/codes.html#StaticLoggerBinder for further details.
]]></system-err>
  </testcase>
  <testcase name="init" classname="tests.LoginTest" time="0">
    <skipped message="The driver executable must exist: D:\WorkSpace\testproject\src\test\java\drivers\chromedriver.exe"/>
  </testcase>
  <testcase name="TeardownTest" classname="tests.LoginTest" time="0">
    <skipped/>
  </testcase>
  <testcase name="shouldAnswerWithTrue on shouldAnswerWithTrue(com.automation.testproject.AppTest)" classname="com.automation.testproject.AppTest" time="0"/>
</testsuite>