-------------------------------------------------------------------------------
Test set: TestSuite
-------------------------------------------------------------------------------
Tests run: 4, Failures: 1, Errors: 0, Skipped: 2, Time elapsed: 0.722 s <<< FAILURE! - in TestSuite
initialize(tests.LoginTest)  Time elapsed: 0.483 s  <<< FAILURE!
java.lang.IllegalStateException: The driver executable must exist: D:\WorkSpace\testproject\src\test\java\drivers\chromedriver.exe

