<?xml version="1.0" encoding="UTF-8"?>
<testng-results ignored="0" total="1" passed="1" failed="0" skipped="0">
  <reporter-output>
  </reporter-output>
  <suite started-at="2022-08-21T16:20:25 IST" name="Default suite" finished-at="2022-08-21T16:20:30 IST" duration-ms="4821">
    <groups>
    </groups>
    <test started-at="2022-08-21T16:20:25 IST" name="Default test" finished-at="2022-08-21T16:20:30 IST" duration-ms="4821">
      <class name="tests.SearchTest">
        <test-method is-config="true" signature="initialize()[pri:0, instance:tests.SearchTest@53ce1329]" started-at="2022-08-21T16:20:25 IST" name="initialize" finished-at="2022-08-21T16:20:25 IST" duration-ms="138" status="PASS">
          <reporter-output>
          </reporter-output>
        </test-method> <!-- initialize -->
        <test-method is-config="true" signature="logging(java.lang.reflect.Method)[pri:0, instance:tests.SearchTest@53ce1329]" started-at="2022-08-21T16:20:25 IST" name="logging" finished-at="2022-08-21T16:20:28 IST" duration-ms="3077" status="PASS">
          <params>
            <param index="0">
              <value>
                <![CDATA[public void tests.SearchTest.googleSearch() throws java.lang.Exception]]>
              </value>
            </param>
          </params>
          <reporter-output>
          </reporter-output>
        </test-method> <!-- logging -->
        <test-method signature="googleSearch()[pri:1, instance:tests.SearchTest@53ce1329]" started-at="2022-08-21T16:20:28 IST" name="googleSearch" description="Google" finished-at="2022-08-21T16:20:29 IST" duration-ms="1285" status="PASS">
          <reporter-output>
          </reporter-output>
        </test-method> <!-- googleSearch -->
        <test-method is-config="true" signature="screenShot(org.testng.ITestResult)[pri:0, instance:tests.SearchTest@53ce1329]" started-at="2022-08-21T16:20:29 IST" name="screenShot" finished-at="2022-08-21T16:20:30 IST" duration-ms="363" status="PASS">
          <params>
            <param index="0">
              <value>
                <![CDATA[[TestResult name=googleSearch status=SUCCESS method=SearchTest.googleSearch()[pri:1, instance:tests.SearchTest@53ce1329] output={null}]]]>
              </value>
            </param>
          </params>
          <reporter-output>
          </reporter-output>
        </test-method> <!-- screenShot -->
        <test-method is-config="true" signature="endReport()[pri:0, instance:tests.SearchTest@53ce1329]" started-at="2022-08-21T16:20:30 IST" name="endReport" finished-at="2022-08-21T16:20:30 IST" duration-ms="71" status="PASS">
          <reporter-output>
          </reporter-output>
        </test-method> <!-- endReport -->
        <test-method is-config="true" signature="TeardownTest()[pri:0, instance:tests.SearchTest@53ce1329]" started-at="2022-08-21T16:20:30 IST" name="TeardownTest" finished-at="2022-08-21T16:20:30 IST" duration-ms="1" status="PASS">
          <reporter-output>
          </reporter-output>
        </test-method> <!-- TeardownTest -->
      </class> <!-- tests.SearchTest -->
    </test> <!-- Default test -->
  </suite> <!-- Default suite -->
</testng-results>
